2023-10-25 23:43:52.105 [main] INFO  org.example.Main - [MAIN] [START] 
2023-10-25 23:43:56.739 [main] INFO  org.example.Main - [SQUARE ROOT OPERATION] [START] 10.0
2023-10-25 23:43:56.740 [main] INFO  org.example.Main - [SQUARE ROOT OPERATION] [END] 3.1622776601683795
2023-10-26 18:24:26.340 [main] INFO  org.example.Main - [FACTORIAL OPERATION] [START] 5
2023-10-26 18:24:26.341 [main] INFO  org.example.Main - [FACTORIAL OPERATION] [END] 120
2023-10-26 18:24:26.343 [main] INFO  org.example.Main - [LOGARITHM OPERATION] [START] 2.718
2023-10-26 18:24:26.344 [main] INFO  org.example.Main - [LOGARITHM OPERATION] [END] 0.999896315728952
2023-10-26 18:24:26.344 [main] INFO  org.example.Main - [SQUARE ROOT OPERATION] [START] 25.0
2023-10-26 18:24:26.345 [main] INFO  org.example.Main - [SQUARE ROOT OPERATION] [END] 5.0
2023-10-26 18:24:26.345 [main] INFO  org.example.Main - [POWER OPERATION] [START] 2.0
2023-10-26 18:24:26.345 [main] INFO  org.example.Main - [POWER OPERATION] [END] 32.0
2023-10-26 18:27:25.449 [main] INFO  org.example.Main - [FACTORIAL OPERATION] [START] 5
2023-10-26 18:27:25.451 [main] INFO  org.example.Main - [FACTORIAL OPERATION] [END] 120
2023-10-26 18:27:25.453 [main] INFO  org.example.Main - [LOGARITHM OPERATION] [START] 2.718
2023-10-26 18:27:25.453 [main] INFO  org.example.Main - [LOGARITHM OPERATION] [END] 0.999896315728952
2023-10-26 18:27:25.453 [main] INFO  org.example.Main - [SQUARE ROOT OPERATION] [START] 25.0
2023-10-26 18:27:25.453 [main] INFO  org.example.Main - [SQUARE ROOT OPERATION] [END] 5.0
2023-10-26 18:27:25.454 [main] INFO  org.example.Main - [POWER OPERATION] [START] 2.0
2023-10-26 18:27:25.454 [main] INFO  org.example.Main - [POWER OPERATION] [END] 32.0
2023-10-26 18:27:45.528 [main] INFO  org.example.Main - [MAIN] [START] 
2023-10-26 18:27:48.997 [main] INFO  org.example.Main - [SQUARE ROOT OPERATION] [START] 25.0
2023-10-26 18:27:48.997 [main] INFO  org.example.Main - [SQUARE ROOT OPERATION] [END] 5.0
